[debug] [2024-11-28T17:16:44.018Z] ----------------------------------------------------------------------
[debug] [2024-11-28T17:16:44.050Z] Command:       C:\Program Files\nodejs\node.exe C:\Users\DEV2023\AppData\Roaming\npm\node_modules\firebase-tools\lib\bin\firebase.js init functions
[debug] [2024-11-28T17:16:44.050Z] CLI Version:   13.27.0
[debug] [2024-11-28T17:16:44.051Z] Platform:      win32
[debug] [2024-11-28T17:16:44.051Z] Node Version:  v22.11.0
[debug] [2024-11-28T17:16:44.052Z] Time:          Thu Nov 28 2024 14:16:44 GMT-0300 (Horário Padrão de Brasília)
[debug] [2024-11-28T17:16:44.052Z] ----------------------------------------------------------------------
[debug] 
[debug] [2024-11-28T17:16:44.074Z] > command requires scopes: ["email","openid","https://www.googleapis.com/auth/cloudplatformprojects.readonly","https://www.googleapis.com/auth/firebase","https://www.googleapis.com/auth/cloud-platform"]
[debug] [2024-11-28T17:16:44.075Z] > authorizing via signed-in user (nicolasdossantosdias1@gmail.com)
[info] 
     ######## #### ########  ######## ########     ###     ######  ########
     ##        ##  ##     ## ##       ##     ##  ##   ##  ##       ##
     ######    ##  ########  ######   ########  #########  ######  ######
     ##        ##  ##    ##  ##       ##     ## ##     ##       ## ##
     ##       #### ##     ## ######## ########  ##     ##  ######  ########

You're about to initialize a Firebase project in this directory:

  C:\Users\DEV2023\Documents\GitHub\TCC-Senai\TCC\tcc_oficial

[info] 
=== Project Setup
[info] 
[info] First, let's associate this project directory with a Firebase project.
[info] You can create multiple project aliases by running firebase use --add, 
[info] but for now we'll just set up a default project.
[info] 
[debug] [2024-11-28T17:18:37.861Z] Checked if tokens are valid: true, expires at: 1732815868782
[debug] [2024-11-28T17:18:37.861Z] Checked if tokens are valid: true, expires at: 1732815868782
[debug] [2024-11-28T17:18:37.863Z] >>> [apiv2][query] GET https://firebase.googleapis.com/v1beta1/projects pageSize=100
[debug] [2024-11-28T17:18:40.058Z] <<< [apiv2][status] GET https://firebase.googleapis.com/v1beta1/projects 200
[debug] [2024-11-28T17:18:40.058Z] <<< [apiv2][body] GET https://firebase.googleapis.com/v1beta1/projects [omitted]
[info] i  Using project fir-crud-56c52 (firebase-crud) 
[info] 
=== Functions Setup
[debug] [2024-11-28T17:18:43.353Z] > command requires scopes: ["email","openid","https://www.googleapis.com/auth/cloudplatformprojects.readonly","https://www.googleapis.com/auth/firebase","https://www.googleapis.com/auth/cloud-platform"]
[debug] [2024-11-28T17:18:43.353Z] > authorizing via signed-in user (nicolasdossantosdias1@gmail.com)
[debug] [2024-11-28T17:18:43.353Z] [iam] checking project fir-crud-56c52 for permissions ["firebase.projects.get"]
[debug] [2024-11-28T17:18:43.354Z] Checked if tokens are valid: true, expires at: 1732815868782
[debug] [2024-11-28T17:18:43.354Z] Checked if tokens are valid: true, expires at: 1732815868782
[debug] [2024-11-28T17:18:43.354Z] >>> [apiv2][query] POST https://cloudresourcemanager.googleapis.com/v1/projects/fir-crud-56c52:testIamPermissions [none]
[debug] [2024-11-28T17:18:43.354Z] >>> [apiv2][(partial)header] POST https://cloudresourcemanager.googleapis.com/v1/projects/fir-crud-56c52:testIamPermissions x-goog-quota-user=projects/fir-crud-56c52
[debug] [2024-11-28T17:18:43.354Z] >>> [apiv2][body] POST https://cloudresourcemanager.googleapis.com/v1/projects/fir-crud-56c52:testIamPermissions {"permissions":["firebase.projects.get"]}
[debug] [2024-11-28T17:18:44.273Z] <<< [apiv2][status] POST https://cloudresourcemanager.googleapis.com/v1/projects/fir-crud-56c52:testIamPermissions 200
[debug] [2024-11-28T17:18:44.274Z] <<< [apiv2][body] POST https://cloudresourcemanager.googleapis.com/v1/projects/fir-crud-56c52:testIamPermissions {"permissions":["firebase.projects.get"]}
[debug] [2024-11-28T17:18:44.275Z] Checked if tokens are valid: true, expires at: 1732815868782
[debug] [2024-11-28T17:18:44.275Z] Checked if tokens are valid: true, expires at: 1732815868782
[debug] [2024-11-28T17:18:44.275Z] Checked if tokens are valid: true, expires at: 1732815868782
[debug] [2024-11-28T17:18:44.275Z] Checked if tokens are valid: true, expires at: 1732815868782
[debug] [2024-11-28T17:18:44.275Z] >>> [apiv2][query] GET https://serviceusage.googleapis.com/v1/projects/fir-crud-56c52/services/cloudfunctions.googleapis.com [none]
[debug] [2024-11-28T17:18:44.275Z] >>> [apiv2][(partial)header] GET https://serviceusage.googleapis.com/v1/projects/fir-crud-56c52/services/cloudfunctions.googleapis.com x-goog-quota-user=projects/fir-crud-56c52
[debug] [2024-11-28T17:18:44.278Z] >>> [apiv2][query] GET https://serviceusage.googleapis.com/v1/projects/fir-crud-56c52/services/runtimeconfig.googleapis.com [none]
[debug] [2024-11-28T17:18:44.278Z] >>> [apiv2][(partial)header] GET https://serviceusage.googleapis.com/v1/projects/fir-crud-56c52/services/runtimeconfig.googleapis.com x-goog-quota-user=projects/fir-crud-56c52
[debug] [2024-11-28T17:18:45.328Z] <<< [apiv2][status] GET https://serviceusage.googleapis.com/v1/projects/fir-crud-56c52/services/runtimeconfig.googleapis.com 200
[debug] [2024-11-28T17:18:45.328Z] <<< [apiv2][body] GET https://serviceusage.googleapis.com/v1/projects/fir-crud-56c52/services/runtimeconfig.googleapis.com [omitted]
[debug] [2024-11-28T17:18:45.330Z] <<< [apiv2][status] GET https://serviceusage.googleapis.com/v1/projects/fir-crud-56c52/services/cloudfunctions.googleapis.com 200
[debug] [2024-11-28T17:18:45.330Z] <<< [apiv2][body] GET https://serviceusage.googleapis.com/v1/projects/fir-crud-56c52/services/cloudfunctions.googleapis.com [omitted]
[debug] [2024-11-28T17:18:45.330Z] Checked if tokens are valid: true, expires at: 1732815868782
[debug] [2024-11-28T17:18:45.330Z] Checked if tokens are valid: true, expires at: 1732815868782
[debug] [2024-11-28T17:18:45.331Z] >>> [apiv2][query] POST https://serviceusage.googleapis.com/v1/projects/fir-crud-56c52/services/cloudfunctions.googleapis.com:enable [none]
[debug] [2024-11-28T17:18:45.331Z] >>> [apiv2][(partial)header] POST https://serviceusage.googleapis.com/v1/projects/fir-crud-56c52/services/cloudfunctions.googleapis.com:enable x-goog-quota-user=projects/fir-crud-56c52
[debug] [2024-11-28T17:18:46.563Z] <<< [apiv2][status] POST https://serviceusage.googleapis.com/v1/projects/fir-crud-56c52/services/cloudfunctions.googleapis.com:enable 200
[debug] [2024-11-28T17:18:46.563Z] <<< [apiv2][body] POST https://serviceusage.googleapis.com/v1/projects/fir-crud-56c52/services/cloudfunctions.googleapis.com:enable [omitted]
[debug] [2024-11-28T17:18:56.568Z] Checked if tokens are valid: true, expires at: 1732815868782
[debug] [2024-11-28T17:18:56.568Z] Checked if tokens are valid: true, expires at: 1732815868782
[debug] [2024-11-28T17:18:56.569Z] >>> [apiv2][query] GET https://serviceusage.googleapis.com/v1/projects/fir-crud-56c52/services/cloudfunctions.googleapis.com [none]
[debug] [2024-11-28T17:18:56.569Z] >>> [apiv2][(partial)header] GET https://serviceusage.googleapis.com/v1/projects/fir-crud-56c52/services/cloudfunctions.googleapis.com x-goog-quota-user=projects/fir-crud-56c52
[debug] [2024-11-28T17:18:57.546Z] <<< [apiv2][status] GET https://serviceusage.googleapis.com/v1/projects/fir-crud-56c52/services/cloudfunctions.googleapis.com 200
[debug] [2024-11-28T17:18:57.546Z] <<< [apiv2][body] GET https://serviceusage.googleapis.com/v1/projects/fir-crud-56c52/services/cloudfunctions.googleapis.com [omitted]
[info] Let's create a new codebase for your functions.
[info] A directory corresponding to the codebase will be created in your project
[info] with sample code pre-configured.

[info] See https://firebase.google.com/docs/functions/organize-functions for
[info] more information on organizing your functions using codebases.

[info] Functions can be deployed with firebase deploy.

[info] +  Wrote functions/requirements.txt 
[info] +  Wrote functions/.gitignore 
[info] +  Wrote functions/main.py 
[debug] [2024-11-28T17:19:26.537Z] Running command with virtualenv: command="C:\Users\DEV2023\Documents\GitHub\TCC-Senai\TCC\tcc_oficial\functions\venv\Scripts\activate.bat", args=["","&&","pip3","install","--upgrade","pip"]
[debug] [2024-11-28T17:19:30.129Z] Error: spawn "C:\Users\DEV2023\Documents\GitHub\TCC-Senai\TCC\tcc_oficial\functions\venv\Scripts\activate.bat" ENOENT
    at notFoundError (C:\Users\DEV2023\AppData\Roaming\npm\node_modules\firebase-tools\node_modules\cross-spawn\lib\enoent.js:6:26)
    at verifyENOENT (C:\Users\DEV2023\AppData\Roaming\npm\node_modules\firebase-tools\node_modules\cross-spawn\lib\enoent.js:40:16)
    at cp.emit (C:\Users\DEV2023\AppData\Roaming\npm\node_modules\firebase-tools\node_modules\cross-spawn\lib\enoent.js:27:25)
    at ChildProcess._handle.onexit (node:internal/child_process:293:12)
[error] 
[error] Error: An unexpected error has occurred.
